
*** Running vivado
    with args -log Orchestrator.vds -m64 -product Vivado -mode batch -messageDb vivado.pb -notrace -source Orchestrator.tcl


****** Vivado v2019.2.1 (64-bit)
  **** SW Build 2729669 on Thu Dec  5 04:48:12 MST 2019
  **** IP Build 2729494 on Thu Dec  5 07:38:25 MST 2019
    ** Copyright 1986-2019 Xilinx, Inc. All Rights Reserved.

source Orchestrator.tcl -notrace
Command: synth_design -top Orchestrator -part xc7a35tcpg236-1
Starting synth_design
Attempting to get a license for feature 'Synthesis' and/or device 'xc7a35t'
INFO: [Common 17-349] Got license for feature 'Synthesis' and/or device 'xc7a35t'
INFO: Launching helper process for spawning children vivado processes
INFO: Helper process launched with PID 432292 
---------------------------------------------------------------------------------
Starting Synthesize : Time (s): cpu = 00:00:05 ; elapsed = 00:00:08 . Memory (MB): peak = 1790.832 ; gain = 216.449 ; free physical = 334 ; free virtual = 27521
---------------------------------------------------------------------------------
INFO: [Synth 8-638] synthesizing module 'Orchestrator' [/media/javinator9889/Data/Nextcloud/UNIVERSIDAD/MSSDE/SE/Practices/calculator/calculator.srcs/sources_1/new/Orchestrator.vhd:45]
INFO: [Synth 8-3491] module 'ALU' declared at '/media/javinator9889/Data/Nextcloud/UNIVERSIDAD/MSSDE/SE/Practices/calculator/calculator.srcs/sources_1/new/ALU.vhd:32' bound to instance 'sys_alu' of component 'alu' [/media/javinator9889/Data/Nextcloud/UNIVERSIDAD/MSSDE/SE/Practices/calculator/calculator.srcs/sources_1/new/Orchestrator.vhd:150]
INFO: [Synth 8-638] synthesizing module 'ALU' [/media/javinator9889/Data/Nextcloud/UNIVERSIDAD/MSSDE/SE/Practices/calculator/calculator.srcs/sources_1/new/ALU.vhd:47]
INFO: [Synth 8-3491] module 'Registry' declared at '/media/javinator9889/Data/Nextcloud/UNIVERSIDAD/MSSDE/SE/Practices/calculator/calculator.srcs/sources_1/new/Register.vhd:28' bound to instance 'first_operand' of component 'registry' [/media/javinator9889/Data/Nextcloud/UNIVERSIDAD/MSSDE/SE/Practices/calculator/calculator.srcs/sources_1/new/ALU.vhd:86]
INFO: [Synth 8-638] synthesizing module 'Registry' [/media/javinator9889/Data/Nextcloud/UNIVERSIDAD/MSSDE/SE/Practices/calculator/calculator.srcs/sources_1/new/Register.vhd:36]
WARNING: [Synth 8-614] signal 'write' is read in the process but is not in the sensitivity list [/media/javinator9889/Data/Nextcloud/UNIVERSIDAD/MSSDE/SE/Practices/calculator/calculator.srcs/sources_1/new/Register.vhd:40]
INFO: [Synth 8-256] done synthesizing module 'Registry' (1#1) [/media/javinator9889/Data/Nextcloud/UNIVERSIDAD/MSSDE/SE/Practices/calculator/calculator.srcs/sources_1/new/Register.vhd:36]
ERROR: [Synth 8-547] port direction mismatch for port 'q' [/media/javinator9889/Data/Nextcloud/UNIVERSIDAD/MSSDE/SE/Practices/calculator/calculator.srcs/sources_1/new/ALU.vhd:86]
ERROR: [Synth 8-285] failed synthesizing module 'ALU' [/media/javinator9889/Data/Nextcloud/UNIVERSIDAD/MSSDE/SE/Practices/calculator/calculator.srcs/sources_1/new/ALU.vhd:47]
ERROR: [Synth 8-285] failed synthesizing module 'Orchestrator' [/media/javinator9889/Data/Nextcloud/UNIVERSIDAD/MSSDE/SE/Practices/calculator/calculator.srcs/sources_1/new/Orchestrator.vhd:45]
---------------------------------------------------------------------------------
Finished Synthesize : Time (s): cpu = 00:00:07 ; elapsed = 00:00:10 . Memory (MB): peak = 1853.582 ; gain = 279.199 ; free physical = 363 ; free virtual = 27556
---------------------------------------------------------------------------------
synthesize failed
INFO: [Common 17-83] Releasing license: Synthesis
8 Infos, 1 Warnings, 0 Critical Warnings and 4 Errors encountered.
synth_design failed
ERROR: [Common 17-69] Command failed: Vivado Synthesis failed
INFO: [Common 17-206] Exiting Vivado at Thu Dec 10 18:54:16 2020...
